<?xml version="1.0" encoding="UTF-8"?>
<testsuite xmlns:xsi="http://www.w3.org/2001/XMLSchema-instance" xsi:noNamespaceSchemaLocation="https://maven.apache.org/surefire/maven-surefire-plugin/xsd/surefire-test-report.xsd" name="com.example.demo.test.Test" time="1.878" tests="1" errors="0" skipped="0" failures="0">
  <properties>
    <property name="sun.desktop" value="windows"/>
    <property name="awt.toolkit" value="sun.awt.windows.WToolkit"/>
    <property name="file.encoding.pkg" value="sun.io"/>
    <property name="java.specification.version" value="1.8"/>
    <property name="sun.cpu.isalist" value="amd64"/>
    <property name="sun.jnu.encoding" value="GBK"/>
    <property name="java.class.path" value="C:\MrX\ssmdemo\springWeb\target\test-classes;C:\MrX\ssmdemo\springWeb\target\classes;C:\MrX\dev\mvnRepository\org\springframework\spring-test\5.1.8.RELEASE\spring-test-5.1.8.RELEASE.jar;C:\MrX\dev\mvnRepository\junit\junit\4.12\junit-4.12.jar;C:\MrX\dev\mvnRepository\org\hamcrest\hamcrest-core\1.3\hamcrest-core-1.3.jar;C:\MrX\dev\mvnRepository\org\springframework\spring-core\5.0.7.RELEASE\spring-core-5.0.7.RELEASE.jar;C:\MrX\dev\mvnRepository\org\springframework\spring-jcl\5.0.7.RELEASE\spring-jcl-5.0.7.RELEASE.jar;C:\MrX\dev\mvnRepository\org\springframework\spring-context\5.0.7.RELEASE\spring-context-5.0.7.RELEASE.jar;C:\MrX\dev\mvnRepository\org\springframework\spring-expression\5.0.7.RELEASE\spring-expression-5.0.7.RELEASE.jar;C:\MrX\dev\mvnRepository\org\springframework\spring-beans\5.0.7.RELEASE\spring-beans-5.0.7.RELEASE.jar;C:\MrX\dev\mvnRepository\org\springframework\spring-web\5.0.7.RELEASE\spring-web-5.0.7.RELEASE.jar;C:\MrX\dev\mvnRepository\org\springframework\spring-webmvc\5.0.7.RELEASE\spring-webmvc-5.0.7.RELEASE.jar;C:\MrX\dev\mvnRepository\org\springframework\spring-aop\5.0.7.RELEASE\spring-aop-5.0.7.RELEASE.jar;C:\MrX\dev\mvnRepository\org\springframework\spring-jdbc\5.0.7.RELEASE\spring-jdbc-5.0.7.RELEASE.jar;C:\MrX\dev\mvnRepository\org\springframework\spring-tx\5.0.7.RELEASE\spring-tx-5.0.7.RELEASE.jar;C:\MrX\dev\mvnRepository\org\mybatis\mybatis\3.4.6\mybatis-3.4.6.jar;C:\MrX\dev\mvnRepository\org\mybatis\mybatis-spring\1.3.2\mybatis-spring-1.3.2.jar;C:\MrX\dev\mvnRepository\mysql\mysql-connector-java\8.0.11\mysql-connector-java-8.0.11.jar;C:\MrX\dev\mvnRepository\com\google\protobuf\protobuf-java\2.6.0\protobuf-java-2.6.0.jar;C:\MrX\dev\mvnRepository\ch\qos\logback\logback-classic\1.2.3\logback-classic-1.2.3.jar;C:\MrX\dev\mvnRepository\org\slf4j\slf4j-api\1.7.25\slf4j-api-1.7.25.jar;C:\MrX\dev\mvnRepository\ch\qos\logback\logback-core\1.2.3\logback-core-1.2.3.jar;C:\MrX\dev\mvnRepository\com\alibaba\druid\1.1.10\druid-1.1.10.jar;C:\MrX\dev\mvnRepository\com\fasterxml\jackson\core\jackson-annotations\2.9.9\jackson-annotations-2.9.9.jar;C:\MrX\dev\mvnRepository\com\fasterxml\jackson\core\jackson-core\2.9.9\jackson-core-2.9.9.jar;C:\MrX\dev\mvnRepository\com\fasterxml\jackson\core\jackson-databind\2.9.9\jackson-databind-2.9.9.jar;C:\MrX\dev\mvnRepository\javax\servlet\javax.servlet-api\4.0.1\javax.servlet-api-4.0.1.jar;C:\MrX\dev\mvnRepository\javax\servlet\jsp\javax.servlet.jsp-api\2.3.2-b02\javax.servlet.jsp-api-2.3.2-b02.jar;C:\MrX\dev\mvnRepository\javax\servlet\jstl\1.2\jstl-1.2.jar;C:\MrX\dev\mvnRepository\org\projectlombok\lombok\1.16.6\lombok-1.16.6.jar;C:\MrX\dev\mvnRepository\commons-io\commons-io\2.6\commons-io-2.6.jar;C:\MrX\dev\mvnRepository\com\oracle\ojdbc6\11.2.0.3\ojdbc6-11.2.0.3.jar;C:\MrX\dev\mvnRepository\commons-logging\commons-logging\1.2\commons-logging-1.2.jar;C:\MrX\dev\mvnRepository\org\springframework\data\spring-data-redis\2.1.9.RELEASE\spring-data-redis-2.1.9.RELEASE.jar;C:\MrX\dev\mvnRepository\org\springframework\data\spring-data-keyvalue\2.1.9.RELEASE\spring-data-keyvalue-2.1.9.RELEASE.jar;C:\MrX\dev\mvnRepository\org\springframework\data\spring-data-commons\2.1.9.RELEASE\spring-data-commons-2.1.9.RELEASE.jar;C:\MrX\dev\mvnRepository\org\springframework\spring-oxm\5.1.8.RELEASE\spring-oxm-5.1.8.RELEASE.jar;C:\MrX\dev\mvnRepository\org\springframework\spring-context-support\5.1.8.RELEASE\spring-context-support-5.1.8.RELEASE.jar;C:\MrX\dev\mvnRepository\redis\clients\jedis\2.9.0\jedis-2.9.0.jar;C:\MrX\dev\mvnRepository\org\apache\commons\commons-pool2\2.4.2\commons-pool2-2.4.2.jar;"/>
    <property name="java.vm.vendor" value="Oracle Corporation"/>
    <property name="sun.arch.data.model" value="64"/>
    <property name="user.variant" value=""/>
    <property name="java.vendor.url" value="http://java.oracle.com/"/>
    <property name="user.timezone" value="Asia/Shanghai"/>
    <property name="java.vm.specification.version" value="1.8"/>
    <property name="os.name" value="Windows 10"/>
    <property name="user.country" value="US"/>
    <property name="sun.java.launcher" value="SUN_STANDARD"/>
    <property name="sun.boot.library.path" value="C:\Java\jdk\jre\bin"/>
    <property name="sun.java.command" value="C:\Users\yxie\AppData\Local\Temp\surefire2018950106267878851\surefirebooter4697972779309755016.jar C:\Users\yxie\AppData\Local\Temp\surefire2018950106267878851 2019-07-02T18-49-49_165-jvmRun1 surefire7033930802026679035tmp surefire_03571592680600842828tmp"/>
    <property name="surefire.test.class.path" value="C:\MrX\ssmdemo\springWeb\target\test-classes;C:\MrX\ssmdemo\springWeb\target\classes;C:\MrX\dev\mvnRepository\org\springframework\spring-test\5.1.8.RELEASE\spring-test-5.1.8.RELEASE.jar;C:\MrX\dev\mvnRepository\junit\junit\4.12\junit-4.12.jar;C:\MrX\dev\mvnRepository\org\hamcrest\hamcrest-core\1.3\hamcrest-core-1.3.jar;C:\MrX\dev\mvnRepository\org\springframework\spring-core\5.0.7.RELEASE\spring-core-5.0.7.RELEASE.jar;C:\MrX\dev\mvnRepository\org\springframework\spring-jcl\5.0.7.RELEASE\spring-jcl-5.0.7.RELEASE.jar;C:\MrX\dev\mvnRepository\org\springframework\spring-context\5.0.7.RELEASE\spring-context-5.0.7.RELEASE.jar;C:\MrX\dev\mvnRepository\org\springframework\spring-expression\5.0.7.RELEASE\spring-expression-5.0.7.RELEASE.jar;C:\MrX\dev\mvnRepository\org\springframework\spring-beans\5.0.7.RELEASE\spring-beans-5.0.7.RELEASE.jar;C:\MrX\dev\mvnRepository\org\springframework\spring-web\5.0.7.RELEASE\spring-web-5.0.7.RELEASE.jar;C:\MrX\dev\mvnRepository\org\springframework\spring-webmvc\5.0.7.RELEASE\spring-webmvc-5.0.7.RELEASE.jar;C:\MrX\dev\mvnRepository\org\springframework\spring-aop\5.0.7.RELEASE\spring-aop-5.0.7.RELEASE.jar;C:\MrX\dev\mvnRepository\org\springframework\spring-jdbc\5.0.7.RELEASE\spring-jdbc-5.0.7.RELEASE.jar;C:\MrX\dev\mvnRepository\org\springframework\spring-tx\5.0.7.RELEASE\spring-tx-5.0.7.RELEASE.jar;C:\MrX\dev\mvnRepository\org\mybatis\mybatis\3.4.6\mybatis-3.4.6.jar;C:\MrX\dev\mvnRepository\org\mybatis\mybatis-spring\1.3.2\mybatis-spring-1.3.2.jar;C:\MrX\dev\mvnRepository\mysql\mysql-connector-java\8.0.11\mysql-connector-java-8.0.11.jar;C:\MrX\dev\mvnRepository\com\google\protobuf\protobuf-java\2.6.0\protobuf-java-2.6.0.jar;C:\MrX\dev\mvnRepository\ch\qos\logback\logback-classic\1.2.3\logback-classic-1.2.3.jar;C:\MrX\dev\mvnRepository\org\slf4j\slf4j-api\1.7.25\slf4j-api-1.7.25.jar;C:\MrX\dev\mvnRepository\ch\qos\logback\logback-core\1.2.3\logback-core-1.2.3.jar;C:\MrX\dev\mvnRepository\com\alibaba\druid\1.1.10\druid-1.1.10.jar;C:\MrX\dev\mvnRepository\com\fasterxml\jackson\core\jackson-annotations\2.9.9\jackson-annotations-2.9.9.jar;C:\MrX\dev\mvnRepository\com\fasterxml\jackson\core\jackson-core\2.9.9\jackson-core-2.9.9.jar;C:\MrX\dev\mvnRepository\com\fasterxml\jackson\core\jackson-databind\2.9.9\jackson-databind-2.9.9.jar;C:\MrX\dev\mvnRepository\javax\servlet\javax.servlet-api\4.0.1\javax.servlet-api-4.0.1.jar;C:\MrX\dev\mvnRepository\javax\servlet\jsp\javax.servlet.jsp-api\2.3.2-b02\javax.servlet.jsp-api-2.3.2-b02.jar;C:\MrX\dev\mvnRepository\javax\servlet\jstl\1.2\jstl-1.2.jar;C:\MrX\dev\mvnRepository\org\projectlombok\lombok\1.16.6\lombok-1.16.6.jar;C:\MrX\dev\mvnRepository\commons-io\commons-io\2.6\commons-io-2.6.jar;C:\MrX\dev\mvnRepository\com\oracle\ojdbc6\11.2.0.3\ojdbc6-11.2.0.3.jar;C:\MrX\dev\mvnRepository\commons-logging\commons-logging\1.2\commons-logging-1.2.jar;C:\MrX\dev\mvnRepository\org\springframework\data\spring-data-redis\2.1.9.RELEASE\spring-data-redis-2.1.9.RELEASE.jar;C:\MrX\dev\mvnRepository\org\springframework\data\spring-data-keyvalue\2.1.9.RELEASE\spring-data-keyvalue-2.1.9.RELEASE.jar;C:\MrX\dev\mvnRepository\org\springframework\data\spring-data-commons\2.1.9.RELEASE\spring-data-commons-2.1.9.RELEASE.jar;C:\MrX\dev\mvnRepository\org\springframework\spring-oxm\5.1.8.RELEASE\spring-oxm-5.1.8.RELEASE.jar;C:\MrX\dev\mvnRepository\org\springframework\spring-context-support\5.1.8.RELEASE\spring-context-support-5.1.8.RELEASE.jar;C:\MrX\dev\mvnRepository\redis\clients\jedis\2.9.0\jedis-2.9.0.jar;C:\MrX\dev\mvnRepository\org\apache\commons\commons-pool2\2.4.2\commons-pool2-2.4.2.jar;"/>
    <property name="sun.cpu.endian" value="little"/>
    <property name="user.home" value="C:\Users\yxie"/>
    <property name="user.language" value="en"/>
    <property name="java.specification.vendor" value="Oracle Corporation"/>
    <property name="java.home" value="C:\Java\jdk\jre"/>
    <property name="basedir" value="C:\MrX\ssmdemo\springWeb"/>
    <property name="file.separator" value="\"/>
    <property name="line.separator" value="&#10;"/>
    <property name="java.vm.specification.vendor" value="Oracle Corporation"/>
    <property name="java.specification.name" value="Java Platform API Specification"/>
    <property name="java.awt.graphicsenv" value="sun.awt.Win32GraphicsEnvironment"/>
    <property name="surefire.real.class.path" value="C:\Users\yxie\AppData\Local\Temp\surefire2018950106267878851\surefirebooter4697972779309755016.jar"/>
    <property name="sun.boot.class.path" value="C:\Java\jdk\jre\lib\resources.jar;C:\Java\jdk\jre\lib\rt.jar;C:\Java\jdk\jre\lib\sunrsasign.jar;C:\Java\jdk\jre\lib\jsse.jar;C:\Java\jdk\jre\lib\jce.jar;C:\Java\jdk\jre\lib\charsets.jar;C:\Java\jdk\jre\lib\jfr.jar;C:\Java\jdk\jre\classes"/>
    <property name="user.script" value=""/>
    <property name="sun.management.compiler" value="HotSpot 64-Bit Tiered Compilers"/>
    <property name="java.runtime.version" value="1.8.0_171-b11"/>
    <property name="user.name" value="yxie"/>
    <property name="path.separator" value=";"/>
    <property name="os.version" value="10.0"/>
    <property name="java.endorsed.dirs" value="C:\Java\jdk\jre\lib\endorsed"/>
    <property name="java.runtime.name" value="Java(TM) SE Runtime Environment"/>
    <property name="file.encoding" value="GBK"/>
    <property name="java.vm.name" value="Java HotSpot(TM) 64-Bit Server VM"/>
    <property name="localRepository" value="C:\MrX\dev\mvnRepository"/>
    <property name="java.vendor.url.bug" value="http://bugreport.sun.com/bugreport/"/>
    <property name="java.io.tmpdir" value="C:\Users\yxie\AppData\Local\Temp\"/>
    <property name="idea.version" value="2018.1.2"/>
    <property name="java.version" value="1.8.0_171"/>
    <property name="user.dir" value="C:\MrX\ssmdemo\springWeb"/>
    <property name="os.arch" value="amd64"/>
    <property name="java.vm.specification.name" value="Java Virtual Machine Specification"/>
    <property name="java.awt.printerjob" value="sun.awt.windows.WPrinterJob"/>
    <property name="sun.os.patch.level" value=""/>
    <property name="java.library.path" value="C:\Java\jdk\jre\bin;C:\WINDOWS\Sun\Java\bin;C:\WINDOWS\system32;C:\WINDOWS;C:\instantclient_12_2_x64\bin;C:\MrX\install\oracle\installDir\bin;C:\Program Files (x86)\Common Files\Oracle\Java\javapath;C:\Program Files (x86)\Intel\Intel(R) Management Engine Components\iCLS\;C:\Program Files\Intel\Intel(R) Management Engine Components\iCLS\;C:\ProgramData\Oracle\Java\javapath;C:\Program Files\Docker\Docker\Resources\bin;C:\Python27\;C:\Python27\Scripts;C:\WINDOWS\system32;C:\WINDOWS;C:\WINDOWS\System32\Wbem;C:\WINDOWS\System32\WindowsPowerShell\v1.0\;C:\ant\bin;C:\maven\bin;C:\apache-cxf-3.1.7\bin;C:\Users\ocho.SST\AppData\Local\Microsoft\WindowsApps;C:\adb;C:\maven\bin;C:\maven\bin;C:\Java\jdk\bin;C:\Java\jdk\lib\dt.jar;C:\Java\jdk\lib\tool.jar;C:\groovy-2.4.8\bin;C:\Java\jdk\lib\rt.jar;C:\instantclient_12_2_x64;C:\Program Files (x86)\Intel\Intel(R) Management Engine Components\DAL;C:\Program Files\Intel\Intel(R) Management Engine Components\DAL;C:\Program Files (x86)\Intel\Intel(R) Management Engine Components\IPT;C:\Program Files\Intel\Intel(R) Management Engine Components\IPT;C:\WINDOWS\system32;C:\WINDOWS;C:\WINDOWS\System32\Wbem;C:\WINDOWS\System32\WindowsPowerShell\v1.0\;C:\Program Files\Intel\WiFi\bin\;C:\Program Files\Common Files\Intel\WirelessCommon\;C:\Program Files\Git\cmd;C:\WINDOWS\System32\OpenSSH\;C:\Program Files\nodejs\;C:\Users\yxie\AppData\Local\Microsoft\WindowsApps;C:\Users\yxie\AppData\Roaming\npm;C:\MrX\install\webstorm\WebStorm 2019.1.1\bin;;."/>
    <property name="java.vm.info" value="mixed mode"/>
    <property name="java.vendor" value="Oracle Corporation"/>
    <property name="java.vm.version" value="25.171-b11"/>
    <property name="java.ext.dirs" value="C:\Java\jdk\jre\lib\ext;C:\WINDOWS\Sun\Java\lib\ext"/>
    <property name="sun.io.unicode.encoding" value="UnicodeLittle"/>
    <property name="java.class.version" value="52.0"/>
  </properties>
  <testcase name="test" classname="com.example.demo.test.Test" time="0.475"/>
</testsuite>